# JRE version: Java(TM) SE Runtime Environment (8.0_73-b02) (build 1.8.0_73-b02)
# Java VM: Java HotSpot(TM) 64-Bit Server VM (25.73-b02 mixed mode bsd-amd64 compressed oops)
Heap:
 PSYoungGen      total 71168K, used 62789K [0x0000000795580000, 0x000000079aa00000, 0x00000007c0000000)
  eden space 62976K, 86% used [0x0000000795580000,0x0000000798ae00f8,0x0000000799300000)
  from space 8192K, 99% used [0x0000000799500000,0x0000000799cf14e0,0x0000000799d00000)
  to   space 11776K, 0% used [0x0000000799e80000,0x0000000799e80000,0x000000079aa00000)
 ParOldGen       total 87552K, used 8132K [0x0000000740000000, 0x0000000745580000, 0x0000000795580000)
  object space 87552K, 9% used [0x0000000740000000,0x00000007407f12f0,0x0000000745580000)
 Metaspace       used 15854K, capacity 16098K, committed 16256K, reserved 1062912K
  class space    used 1994K, capacity 2097K, committed 2176K, reserved 1048576K
GC Heap History (10 events):
Event: 167562.152 GC heap before
{Heap before GC invocations=22 (full 2):
 PSYoungGen      total 70144K, used 62707K [0x0000000795580000, 0x000000079ab80000, 0x00000007c0000000)
  eden space 69632K, 89% used [0x0000000795580000,0x0000000799280ac0,0x0000000799980000)
  from space 512K, 47% used [0x0000000799c00000,0x0000000799c3c3a0,0x0000000799c80000)
  to   space 9216K, 0% used [0x000000079a280000,0x000000079a280000,0x000000079ab80000)
 ParOldGen       total 87552K, used 4431K [0x0000000740000000, 0x0000000745580000, 0x0000000795580000)
  object space 87552K, 5% used [0x0000000740000000,0x0000000740453e18,0x0000000745580000)
 Metaspace       used 15724K, capacity 16002K, committed 16256K, reserved 1062912K
  class space    used 1982K, capacity 2065K, committed 2176K, reserved 1048576K
Event: 167562.160 GC heap after
Heap after GC invocations=22 (full 2):
 PSYoungGen      total 76800K, used 7206K [0x0000000795580000, 0x000000079ab80000, 0x00000007c0000000)
  eden space 67584K, 0% used [0x0000000795580000,0x0000000795580000,0x0000000799780000)
  from space 9216K, 78% used [0x000000079a280000,0x000000079a989a40,0x000000079ab80000)
  to   space 10240K, 0% used [0x0000000799780000,0x0000000799780000,0x000000079a180000)
 ParOldGen       total 87552K, used 8040K [0x0000000740000000, 0x0000000745580000, 0x0000000795580000)
  object space 87552K, 9% used [0x0000000740000000,0x00000007407da3a8,0x0000000745580000)
 Metaspace       used 15724K, capacity 16002K, committed 16256K, reserved 1062912K
  class space    used 1982K, capacity 2065K, committed 2176K, reserved 1048576K
}
Event: 167642.459 GC heap before
{Heap before GC invocations=23 (full 2):
 PSYoungGen      total 76800K, used 66617K [0x0000000795580000, 0x000000079ab80000, 0x00000007c0000000)
  eden space 67584K, 87% used [0x0000000795580000,0x0000000798f849f0,0x0000000799780000)
  from space 9216K, 78% used [0x000000079a280000,0x000000079a989a40,0x000000079ab80000)
  to   space 10240K, 0% used [0x0000000799780000,0x0000000799780000,0x000000079a180000)
 ParOldGen       total 87552K, used 8040K [0x0000000740000000, 0x0000000745580000, 0x0000000795580000)
  object space 87552K, 9% used [0x0000000740000000,0x00000007407da3a8,0x0000000745580000)
 Metaspace       used 15765K, capacity 16002K, committed 16256K, reserved 1062912K
  class space    used 1982K, capacity 2065K, committed 2176K, reserved 1048576K
Event: 167642.477 GC heap after
Heap after GC invocations=23 (full 2):
 PSYoungGen      total 73728K, used 8072K [0x0000000795580000, 0x000000079aa80000, 0x00000007c0000000)
  eden space 65536K, 0% used [0x0000000795580000,0x0000000795580000,0x0000000799580000)
  from space 8192K, 98% used [0x0000000799780000,0x0000000799f62230,0x0000000799f80000)
  to   space 10752K, 0% used [0x000000079a000000,0x000000079a000000,0x000000079aa80000)
 ParOldGen       total 87552K, used 11602K [0x0000000740000000, 0x0000000745580000, 0x0000000795580000)
  object space 87552K, 13% used [0x0000000740000000,0x0000000740b54938,0x0000000745580000)
 Metaspace       used 15765K, capacity 16002K, committed 16256K, reserved 1062912K
  class space    used 1982K, capacity 2065K, committed 2176K, reserved 1048576K
}
Event: 167645.702 GC heap before
{Heap before GC invocations=24 (full 2):
 PSYoungGen      total 73728K, used 23790K [0x0000000795580000, 0x000000079aa80000, 0x00000007c0000000)
  eden space 65536K, 23% used [0x0000000795580000,0x00000007964d9658,0x0000000799580000)
  from space 8192K, 98% used [0x0000000799780000,0x0000000799f62230,0x0000000799f80000)
  to   space 10752K, 0% used [0x000000079a000000,0x000000079a000000,0x000000079aa80000)
 ParOldGen       total 87552K, used 11602K [0x0000000740000000, 0x0000000745580000, 0x0000000795580000)
  object space 87552K, 13% used [0x0000000740000000,0x0000000740b54938,0x0000000745580000)
 Metaspace       used 15767K, capacity 16002K, committed 16256K, reserved 1062912K
  class space    used 1982K, capacity 2065K, committed 2176K, reserved 1048576K
Event: 167645.704 GC heap after
Heap after GC invocations=24 (full 2):
 PSYoungGen      total 75776K, used 601K [0x0000000795580000, 0x000000079ab80000, 0x00000007c0000000)
  eden space 65024K, 0% used [0x0000000795580000,0x0000000795580000,0x0000000799500000)
  from space 10752K, 5% used [0x000000079a000000,0x000000079a0964a0,0x000000079aa80000)
  to   space 11264K, 0% used [0x0000000799500000,0x0000000799500000,0x000000079a000000)
 ParOldGen       total 87552K, used 11714K [0x0000000740000000, 0x0000000745580000, 0x0000000795580000)
  object space 87552K, 13% used [0x0000000740000000,0x0000000740b70938,0x0000000745580000)
 Metaspace       used 15767K, capacity 16002K, committed 16256K, reserved 1062912K
  class space    used 1982K, capacity 2065K, committed 2176K, reserved 1048576K
}
Event: 167645.704 GC heap before
{Heap before GC invocations=25 (full 3):
 PSYoungGen      total 75776K, used 601K [0x0000000795580000, 0x000000079ab80000, 0x00000007c0000000)
  eden space 65024K, 0% used [0x0000000795580000,0x0000000795580000,0x0000000799500000)
  from space 10752K, 5% used [0x000000079a000000,0x000000079a0964a0,0x000000079aa80000)
  to   space 11264K, 0% used [0x0000000799500000,0x0000000799500000,0x000000079a000000)
 ParOldGen       total 87552K, used 11714K [0x0000000740000000, 0x0000000745580000, 0x0000000795580000)
  object space 87552K, 13% used [0x0000000740000000,0x0000000740b70938,0x0000000745580000)
 Metaspace       used 15767K, capacity 16002K, committed 16256K, reserved 1062912K
  class space    used 1982K, capacity 2065K, committed 2176K, reserved 1048576K
Event: 167645.758 GC heap after
Heap after GC invocations=25 (full 3):
 PSYoungGen      total 75776K, used 0K [0x0000000795580000, 0x000000079ab80000, 0x00000007c0000000)
  eden space 65024K, 0% used [0x0000000795580000,0x0000000795580000,0x0000000799500000)
  from space 10752K, 0% used [0x000000079a000000,0x000000079a000000,0x000000079aa80000)
  to   space 11264K, 0% used [0x0000000799500000,0x0000000799500000,0x000000079a000000)
 ParOldGen       total 87552K, used 4611K [0x0000000740000000, 0x0000000745580000, 0x0000000795580000)
  object space 87552K, 5% used [0x0000000740000000,0x0000000740480d60,0x0000000745580000)
 Metaspace       used 15767K, capacity 16002K, committed 16256K, reserved 1062912K
  class space    used 1982K, capacity 2065K, committed 2176K, reserved 1048576K
}
Event: 167671.189 GC heap before
{Heap before GC invocations=26 (full 3):
 PSYoungGen      total 75776K, used 63393K [0x0000000795580000, 0x000000079ab80000, 0x00000007c0000000)
  eden space 65024K, 97% used [0x0000000795580000,0x0000000799368450,0x0000000799500000)
  from space 10752K, 0% used [0x000000079a000000,0x000000079a000000,0x000000079aa80000)
  to   space 11264K, 0% used [0x0000000799500000,0x0000000799500000,0x000000079a000000)
 ParOldGen       total 87552K, used 4611K [0x0000000740000000, 0x0000000745580000, 0x0000000795580000)
  object space 87552K, 5% used [0x0000000740000000,0x0000000740480d60,0x0000000745580000)
 Metaspace       used 15848K, capacity 16098K, committed 16256K, reserved 1062912K
  class space    used 1994K, capacity 2097K, committed 2176K, reserved 1048576K
Event: 167671.197 GC heap after
Heap after GC invocations=26 (full 3):
 PSYoungGen      total 71168K, used 8133K [0x0000000795580000, 0x000000079aa00000, 0x00000007c0000000)
  eden space 62976K, 0% used [0x0000000795580000,0x0000000795580000,0x0000000799300000)
  from space 8192K, 99% used [0x0000000799500000,0x0000000799cf14e0,0x0000000799d00000)
  to   space 11776K, 0% used [0x0000000799e80000,0x0000000799e80000,0x000000079aa00000)
 ParOldGen       total 87552K, used 8132K [0x0000000740000000, 0x0000000745580000, 0x0000000795580000)
  object space 87552K, 9% used [0x0000000740000000,0x00000007407f12f0,0x0000000745580000)
 Metaspace       used 15848K, capacity 16098K, committed 16256K, reserved 1062912K
  class space    used 1994K, capacity 2097K, committed 2176K, reserved 1048576K
}

