# JRE version: Java(TM) SE Runtime Environment (8.0_73-b02) (build 1.8.0_73-b02)
# Java VM: Java HotSpot(TM) 64-Bit Server VM (25.73-b02 mixed mode bsd-amd64 compressed oops)
Heap:
 PSYoungGen      total 45056K, used 20175K [0x0000000795580000, 0x0000000799080000, 0x00000007c0000000)
  eden space 31744K, 36% used [0x0000000795580000,0x00000007960e9ad0,0x0000000797480000)
  from space 13312K, 63% used [0x0000000798380000,0x0000000798bca470,0x0000000799080000)
  to   space 14336K, 0% used [0x0000000797480000,0x0000000797480000,0x0000000798280000)
 ParOldGen       total 87552K, used 9602K [0x0000000740000000, 0x0000000745580000, 0x0000000795580000)
  object space 87552K, 10% used [0x0000000740000000,0x00000007409609e8,0x0000000745580000)
 Metaspace       used 17642K, capacity 17844K, committed 18048K, reserved 1064960K
  class space    used 2098K, capacity 2164K, committed 2176K, reserved 1048576K
GC Heap History (10 events):
Event: 27300.879 GC heap before
{Heap before GC invocations=168 (full 16):
 PSYoungGen      total 43520K, used 38627K [0x0000000795580000, 0x0000000799500000, 0x00000007c0000000)
  eden space 34304K, 86% used [0x0000000795580000,0x0000000797297320,0x0000000797700000)
  from space 9216K, 95% used [0x0000000797780000,0x0000000798021c60,0x0000000798080000)
  to   space 15360K, 0% used [0x0000000798600000,0x0000000798600000,0x0000000799500000)
 ParOldGen       total 87552K, used 9362K [0x0000000740000000, 0x0000000745580000, 0x0000000795580000)
  object space 87552K, 10% used [0x0000000740000000,0x00000007409249e8,0x0000000745580000)
 Metaspace       used 17642K, capacity 17844K, committed 18048K, reserved 1064960K
  class space    used 2098K, capacity 2164K, committed 2176K, reserved 1048576K
Event: 27300.882 GC heap after
Heap after GC invocations=168 (full 16):
 PSYoungGen      total 48640K, used 8824K [0x0000000795580000, 0x0000000799480000, 0x00000007c0000000)
  eden space 33792K, 0% used [0x0000000795580000,0x0000000795580000,0x0000000797680000)
  from space 14848K, 59% used [0x0000000798600000,0x0000000798e9e390,0x0000000799480000)
  to   space 15360K, 0% used [0x0000000797680000,0x0000000797680000,0x0000000798580000)
 ParOldGen       total 87552K, used 9442K [0x0000000740000000, 0x0000000745580000, 0x0000000795580000)
  object space 87552K, 10% used [0x0000000740000000,0x00000007409389e8,0x0000000745580000)
 Metaspace       used 17642K, capacity 17844K, committed 18048K, reserved 1064960K
  class space    used 2098K, capacity 2164K, committed 2176K, reserved 1048576K
}
Event: 53540.244 GC heap before
{Heap before GC invocations=169 (full 16):
 PSYoungGen      total 48640K, used 37824K [0x0000000795580000, 0x0000000799480000, 0x00000007c0000000)
  eden space 33792K, 85% used [0x0000000795580000,0x00000007971d1e00,0x0000000797680000)
  from space 14848K, 59% used [0x0000000798600000,0x0000000798e9e390,0x0000000799480000)
  to   space 15360K, 0% used [0x0000000797680000,0x0000000797680000,0x0000000798580000)
 ParOldGen       total 87552K, used 9442K [0x0000000740000000, 0x0000000745580000, 0x0000000795580000)
  object space 87552K, 10% used [0x0000000740000000,0x00000007409389e8,0x0000000745580000)
 Metaspace       used 17642K, capacity 17844K, committed 18048K, reserved 1064960K
  class space    used 2098K, capacity 2164K, committed 2176K, reserved 1048576K
Event: 53540.249 GC heap after
Heap after GC invocations=169 (full 16):
 PSYoungGen      total 42496K, used 8779K [0x0000000795580000, 0x0000000799300000, 0x00000007c0000000)
  eden space 33280K, 0% used [0x0000000795580000,0x0000000795580000,0x0000000797600000)
  from space 9216K, 95% used [0x0000000797680000,0x0000000797f12f98,0x0000000797f80000)
  to   space 14848K, 0% used [0x0000000798480000,0x0000000798480000,0x0000000799300000)
 ParOldGen       total 87552K, used 9482K [0x0000000740000000, 0x0000000745580000, 0x0000000795580000)
  object space 87552K, 10% used [0x0000000740000000,0x00000007409429e8,0x0000000745580000)
 Metaspace       used 17642K, capacity 17844K, committed 18048K, reserved 1064960K
  class space    used 2098K, capacity 2164K, committed 2176K, reserved 1048576K
}
Event: 56756.374 GC heap before
{Heap before GC invocations=170 (full 16):
 PSYoungGen      total 42496K, used 38311K [0x0000000795580000, 0x0000000799300000, 0x00000007c0000000)
  eden space 33280K, 88% used [0x0000000795580000,0x0000000797256d30,0x0000000797600000)
  from space 9216K, 95% used [0x0000000797680000,0x0000000797f12f98,0x0000000797f80000)
  to   space 14848K, 0% used [0x0000000798480000,0x0000000798480000,0x0000000799300000)
 ParOldGen       total 87552K, used 9482K [0x0000000740000000, 0x0000000745580000, 0x0000000795580000)
  object space 87552K, 10% used [0x0000000740000000,0x00000007409429e8,0x0000000745580000)
 Metaspace       used 17642K, capacity 17844K, committed 18048K, reserved 1064960K
  class space    used 2098K, capacity 2164K, committed 2176K, reserved 1048576K
Event: 56756.384 GC heap after
Heap after GC invocations=170 (full 16):
 PSYoungGen      total 47104K, used 9057K [0x0000000795580000, 0x0000000799280000, 0x00000007c0000000)
  eden space 32768K, 0% used [0x0000000795580000,0x0000000795580000,0x0000000797580000)
  from space 14336K, 63% used [0x0000000798480000,0x0000000798d587a8,0x0000000799280000)
  to   space 14848K, 0% used [0x0000000797580000,0x0000000797580000,0x0000000798400000)
 ParOldGen       total 87552K, used 9514K [0x0000000740000000, 0x0000000745580000, 0x0000000795580000)
  object space 87552K, 10% used [0x0000000740000000,0x000000074094a9e8,0x0000000745580000)
 Metaspace       used 17642K, capacity 17844K, committed 18048K, reserved 1064960K
  class space    used 2098K, capacity 2164K, committed 2176K, reserved 1048576K
}
Event: 56777.938 GC heap before
{Heap before GC invocations=171 (full 16):
 PSYoungGen      total 47104K, used 39794K [0x0000000795580000, 0x0000000799280000, 0x00000007c0000000)
  eden space 32768K, 93% used [0x0000000795580000,0x0000000797384208,0x0000000797580000)
  from space 14336K, 63% used [0x0000000798480000,0x0000000798d587a8,0x0000000799280000)
  to   space 14848K, 0% used [0x0000000797580000,0x0000000797580000,0x0000000798400000)
 ParOldGen       total 87552K, used 9514K [0x0000000740000000, 0x0000000745580000, 0x0000000795580000)
  object space 87552K, 10% used [0x0000000740000000,0x000000074094a9e8,0x0000000745580000)
 Metaspace       used 17642K, capacity 17844K, committed 18048K, reserved 1064960K
  class space    used 2098K, capacity 2164K, committed 2176K, reserved 1048576K
Event: 56777.954 GC heap after
Heap after GC invocations=171 (full 16):
 PSYoungGen      total 41472K, used 8897K [0x0000000795580000, 0x0000000799200000, 0x00000007c0000000)
  eden space 32256K, 0% used [0x0000000795580000,0x0000000795580000,0x0000000797500000)
  from space 9216K, 96% used [0x0000000797580000,0x0000000797e304f0,0x0000000797e80000)
  to   space 14848K, 0% used [0x0000000798380000,0x0000000798380000,0x0000000799200000)
 ParOldGen       total 87552K, used 9554K [0x0000000740000000, 0x0000000745580000, 0x0000000795580000)
  object space 87552K, 10% used [0x0000000740000000,0x00000007409549e8,0x0000000745580000)
 Metaspace       used 17642K, capacity 17844K, committed 18048K, reserved 1064960K
  class space    used 2098K, capacity 2164K, committed 2176K, reserved 1048576K
}
Event: 56780.535 GC heap before
{Heap before GC invocations=172 (full 16):
 PSYoungGen      total 41472K, used 37873K [0x0000000795580000, 0x0000000799200000, 0x00000007c0000000)
  eden space 32256K, 89% used [0x0000000795580000,0x00000007971cc048,0x0000000797500000)
  from space 9216K, 96% used [0x0000000797580000,0x0000000797e304f0,0x0000000797e80000)
  to   space 14848K, 0% used [0x0000000798380000,0x0000000798380000,0x0000000799200000)
 ParOldGen       total 87552K, used 9554K [0x0000000740000000, 0x0000000745580000, 0x0000000795580000)
  object space 87552K, 10% used [0x0000000740000000,0x00000007409549e8,0x0000000745580000)
 Metaspace       used 17642K, capacity 17844K, committed 18048K, reserved 1064960K
  class space    used 2098K, capacity 2164K, committed 2176K, reserved 1048576K
Event: 56780.538 GC heap after
Heap after GC invocations=172 (full 16):
 PSYoungGen      total 45056K, used 8489K [0x0000000795580000, 0x0000000799080000, 0x00000007c0000000)
  eden space 31744K, 0% used [0x0000000795580000,0x0000000795580000,0x0000000797480000)
  from space 13312K, 63% used [0x0000000798380000,0x0000000798bca470,0x0000000799080000)
  to   space 14336K, 0% used [0x0000000797480000,0x0000000797480000,0x0000000798280000)
 ParOldGen       total 87552K, used 9602K [0x0000000740000000, 0x0000000745580000, 0x0000000795580000)
  object space 87552K, 10% used [0x0000000740000000,0x00000007409609e8,0x0000000745580000)
 Metaspace       used 17642K, capacity 17844K, committed 18048K, reserved 1064960K
  class space    used 2098K, capacity 2164K, committed 2176K, reserved 1048576K
}

